<?xml version="1.0" encoding="UTF-8"?>
<!-- Generated by org.testng.reporters.JUnitReportReporter -->
<testsuite skipped="0" hostname="DESKTOP-LGCF1AD" name="ExtensReports.CreateCustomer" tests="1" failures="0" timestamp="2020-02-11T10:42:14 IST" time="1.932" errors="0">
  <testcase name="testCreateCustomer" time="1.932" classname="ExtensReports.CreateCustomer"/>
  <system-out/>
</testsuite> <!-- ExtensReports.CreateCustomer -->
