<?xml version="1.0" encoding="UTF-8"?>
<!-- Generated by org.testng.reporters.JUnitReportReporter -->
<testsuite skipped="0" hostname="DESKTOP-LGCF1AD" name="GroupExcecution.TestScript2" tests="1" failures="0" timestamp="03 Feb 2020 04:34:16 GMT" time="0.000" errors="0">
  <testcase name="functionalTesting" time="0.000" classname="GroupExcecution.TestScript2"/>
</testsuite> <!-- GroupExcecution.TestScript2 -->
