<?xml version="1.0" encoding="UTF-8"?>
<!-- Generated by org.testng.reporters.JUnitReportReporter -->
<testsuite skipped="0" hostname="DESKTOP-LGCF1AD" name="GroupExcecution.TestScript3" tests="1" failures="0" timestamp="03 Feb 2020 04:34:16 GMT" time="0.016" errors="0">
  <testcase name="functionalTesting" time="0.016" classname="GroupExcecution.TestScript3"/>
</testsuite> <!-- GroupExcecution.TestScript3 -->
