<?xml version="1.0" encoding="UTF-8"?>
<!-- Generated by org.testng.reporters.JUnitReportReporter -->
<testsuite skipped="0" hostname="DESKTOP-LGCF1AD" name="ExtentReportsDemo.CreateCustomer3" tests="1" failures="0" timestamp="07 Feb 2020 10:43:58 GMT" time="38.258" errors="0">
  <testcase name="testCreateCustomer" time="38.258" classname="ExtentReportsDemo.CreateCustomer3"/>
</testsuite> <!-- ExtentReportsDemo.CreateCustomer3 -->
