<?xml version="1.0" encoding="UTF-8"?>
<!-- Generated by org.testng.reporters.JUnitReportReporter -->
<testsuite skipped="0" hostname="DESKTOP-LGCF1AD" name="ExtentReportsDemo.CreateCustomer" tests="1" failures="0" timestamp="30 Jan 2020 12:42:46 GMT" time="2.759" errors="0">
  <testcase name="testCreateCustomer" time="2.759" classname="ExtentReportsDemo.CreateCustomer"/>
</testsuite> <!-- ExtentReportsDemo.CreateCustomer -->
