<?xml version="1.0" encoding="UTF-8"?>
<!-- Generated by org.testng.reporters.JUnitReportReporter -->
<testsuite skipped="1" hostname="DESKTOP-LGCF1AD" name="skiTEst.second" tests="2" failures="0" timestamp="19 Feb 2020 08:28:23 GMT" time="0.002" errors="0">
  <testcase name="testsecondlast" time="0.002" classname="skiTEst.second"/>
  <testcase name="testsecond" classname="skiTEst.second">
    <skipped/>
  </testcase> <!-- testsecond -->
</testsuite> <!-- skiTEst.second -->
