<?xml version="1.0" encoding="UTF-8"?>
<!-- Generated by org.testng.reporters.JUnitReportReporter -->
<testsuite skipped="0" hostname="DESKTOP-LGCF1AD" name="Basics.LoginFunctionality" tests="1" failures="0" timestamp="19 Feb 2020 11:36:51 GMT" time="46.507" errors="0">
  <testcase name="testlogin" time="46.507" classname="Basics.LoginFunctionality"/>
</testsuite> <!-- Basics.LoginFunctionality -->
