<?xml version="1.0" encoding="UTF-8"?>
<!-- Generated by org.testng.reporters.JUnitReportReporter -->
<testsuite skipped="0" hostname="DESKTOP-LGCF1AD" name="skiTEst.third" tests="1" failures="0" timestamp="19 Feb 2020 09:04:52 GMT" time="0.004" errors="0">
  <testcase name="testthird" time="0.004" classname="skiTEst.third"/>
</testsuite> <!-- skiTEst.third -->
