<?xml version="1.0" encoding="UTF-8"?>
<!-- Generated by org.testng.reporters.JUnitReportReporter -->
<testsuite skipped="0" hostname="DESKTOP-LGCF1AD" name="skiTEst.first" tests="1" failures="0" timestamp="19 Feb 2020 09:04:52 GMT" time="0.026" errors="0">
  <testcase name="testfirst" time="0.026" classname="skiTEst.first"/>
</testsuite> <!-- skiTEst.first -->
