<?xml version="1.0" encoding="UTF-8"?>
<!-- Generated by org.testng.reporters.JUnitReportReporter -->
<testsuite skipped="0" hostname="DESKTOP-LGCF1AD" name="practise_work.CreateCustomer2" tests="1" failures="0" timestamp="12 Dec 2019 06:30:31 GMT" time="15.041" errors="0">
  <testcase name="testCreateCustomer" time="15.041" classname="practise_work.CreateCustomer2"/>
</testsuite> <!-- practise_work.CreateCustomer2 -->
