<?xml version="1.0" encoding="UTF-8"?>
<!-- Generated by org.testng.reporters.JUnitReportReporter -->
<testsuite skipped="0" hostname="DESKTOP-LGCF1AD" name="WorkBook.P7_subClass" tests="1" failures="0" timestamp="12 Dec 2019 16:35:20 GMT" time="8.064" errors="0">
  <testcase name="P7_subClass" time="8.064" classname="WorkBook.P7_subClass"/>
</testsuite> <!-- WorkBook.P7_subClass -->
