<?xml version="1.0" encoding="UTF-8"?>
<!-- Generated by org.testng.reporters.JUnitReportReporter -->
<testsuite skipped="0" hostname="DESKTOP-LGCF1AD" name="WorkBook.P10_ActiTime" tests="1" failures="0" timestamp="14 Dec 2019 14:42:01 GMT" time="7.273" errors="0">
  <testcase name="testCreateCustomerAccountTc_01" time="7.273" classname="WorkBook.P10_ActiTime"/>
</testsuite> <!-- WorkBook.P10_ActiTime -->
