<?xml version="1.0" encoding="UTF-8"?>
<!-- Generated by org.testng.reporters.JUnitReportReporter -->
<testsuite skipped="0" hostname="DESKTOP-LGCF1AD" name="Work_Excel.worksheet2" tests="1" failures="0" timestamp="04 Feb 2020 13:30:42 GMT" time="87.103" errors="0">
  <testcase name="testexcel2" time="87.103" classname="Work_Excel.worksheet2"/>
</testsuite> <!-- Work_Excel.worksheet2 -->
