<?xml version="1.0" encoding="UTF-8"?>
<!-- Generated by org.testng.reporters.JUnitReportReporter -->
<testsuite skipped="0" hostname="DESKTOP-LGCF1AD" name="WorkBook.P10_ActTime_Main" tests="1" failures="0" timestamp="14 Dec 2019 14:51:37 GMT" time="6.878" errors="0">
  <testcase name="testCreateCustomerAccountTc_01" time="6.878" classname="WorkBook.P10_ActTime_Main"/>
</testsuite> <!-- WorkBook.P10_ActTime_Main -->
